{
  "RSpec": {
    "coverage": {
      "/Users/Neil/Projects/Makers/week-6/MakersBNB/makersbnb/spec/backend/feature_tests/booking_space_spec.rb": [
        1,
        null,
        1,
        1,
        1,
        1,
        1,
        null,
        null,
        null,
        null,
        null,
        null,
        null,
        null,
        null
      ],
      "/Users/Neil/Projects/Makers/week-6/MakersBNB/makersbnb/spec/backend/feature_tests/listing_helper.rb": [
        1,
        3,
        3,
        3,
        3,
        3,
        3,
        3,
        3,
        null,
        null,
        1,
        1,
        1,
        1,
        1,
        1,
        1,
        1,
        1,
        null
      ],
      "/Users/Neil/Projects/Makers/week-6/MakersBNB/makersbnb/spec/backend/feature_tests/listings_feature_spec.rb": [
        1,
        null,
        1,
        1,
        1,
        null,
        1,
        null,
        null,
        1,
        1,
        1,
        1,
        null,
        1,
        1,
        1,
        null,
        null
      ],
      "/Users/Neil/Projects/Makers/week-6/MakersBNB/makersbnb/spec/backend/feature_tests/login_feature_spec.rb": [
        1,
        1,
        null,
        null,
        1,
        1,
        1,
        1,
        1,
        1,
        null,
        1,
        1,
        1,
        1,
        1,
        null,
        1,
        null,
        null,
        1,
        1,
        1,
        1,
        1,
        1,
        null,
        1,
        1,
        1,
        1,
        1,
        null,
        null
      ],
      "/Users/Neil/Projects/Makers/week-6/MakersBNB/makersbnb/spec/backend/feature_tests/signup_feature_spec.rb": [
        1,
        null,
        1,
        1,
        1,
        1,
        1,
        1,
        1,
        1,
        1,
        null,
        null,
        null,
        null,
        null,
        null,
        null,
        null,
        null,
        null,
        null
      ],
      "/Users/Neil/Projects/Makers/week-6/MakersBNB/makersbnb/spec/backend/unit_tests/user_spec.rb": [
        null,
        null,
        null,
        null,
        null,
        null,
        null
      ]
    },
    "timestamp": 1569501793
  }
}
