{
  "RSpec": {
    "coverage": {
      "/Users/student/Desktop/PROJECTS /makersbnb/spec/backend/feature_tests/listings_feature_spec.rb": [
        1,
        null,
        1,
        1,
        1,
        null,
        1,
        null,
        null,
        1,
        1,
        1,
        1,
        null,
        1,
        1,
        1,
        null,
        null
      ],
      "/Users/student/Desktop/PROJECTS /makersbnb/spec/backend/feature_tests/listing_helper.rb": [
        1,
        2,
        2,
        2,
        2,
        2,
        2,
        2,
        2,
        null,
        null,
        1,
        1,
        1,
        1,
        1,
        1,
        1,
        1,
        1,
        null
      ]
    },
    "timestamp": 1569339453
  }
}
